/home/nicolai/ros2_ws/src/final_package/install/final_package/lib/python3.10/site-packages/final_package/PPO_agent.py
/home/nicolai/ros2_ws/src/final_package/install/final_package/lib/python3.10/site-packages/final_package/utilities.py
/home/nicolai/ros2_ws/src/final_package/install/final_package/lib/python3.10/site-packages/final_package/__init__.py
/home/nicolai/ros2_ws/src/final_package/install/final_package/lib/python3.10/site-packages/final_package/follow_joint_trajectory_client.py
/home/nicolai/ros2_ws/src/final_package/install/final_package/lib/python3.10/site-packages/final_package/ur5e_controller.py
/home/nicolai/ros2_ws/src/final_package/install/final_package/lib/python3.10/site-packages/final_package/__pycache__/PPO_agent.cpython-310.pyc
/home/nicolai/ros2_ws/src/final_package/install/final_package/lib/python3.10/site-packages/final_package/__pycache__/utilities.cpython-310.pyc
/home/nicolai/ros2_ws/src/final_package/install/final_package/lib/python3.10/site-packages/final_package/__pycache__/__init__.cpython-310.pyc
/home/nicolai/ros2_ws/src/final_package/install/final_package/lib/python3.10/site-packages/final_package/__pycache__/follow_joint_trajectory_client.cpython-310.pyc
/home/nicolai/ros2_ws/src/final_package/install/final_package/lib/python3.10/site-packages/final_package/__pycache__/ur5e_controller.cpython-310.pyc
/home/nicolai/ros2_ws/src/final_package/install/final_package/share/ament_index/resource_index/packages/final_package
/home/nicolai/ros2_ws/src/final_package/install/final_package/share/final_package/launch/launch_01.py
/home/nicolai/ros2_ws/src/final_package/install/final_package/share/final_package/worlds/robotic_arms.wbt
/home/nicolai/ros2_ws/src/final_package/install/final_package/share/final_package/worlds/.robotic_arms.wbproj
/home/nicolai/ros2_ws/src/final_package/install/final_package/share/final_package/package.xml
/home/nicolai/ros2_ws/src/final_package/install/final_package/lib/python3.10/site-packages/final_package-0.0.0-py3.10.egg-info/zip-safe
/home/nicolai/ros2_ws/src/final_package/install/final_package/lib/python3.10/site-packages/final_package-0.0.0-py3.10.egg-info/SOURCES.txt
/home/nicolai/ros2_ws/src/final_package/install/final_package/lib/python3.10/site-packages/final_package-0.0.0-py3.10.egg-info/top_level.txt
/home/nicolai/ros2_ws/src/final_package/install/final_package/lib/python3.10/site-packages/final_package-0.0.0-py3.10.egg-info/dependency_links.txt
/home/nicolai/ros2_ws/src/final_package/install/final_package/lib/python3.10/site-packages/final_package-0.0.0-py3.10.egg-info/entry_points.txt
/home/nicolai/ros2_ws/src/final_package/install/final_package/lib/python3.10/site-packages/final_package-0.0.0-py3.10.egg-info/requires.txt
/home/nicolai/ros2_ws/src/final_package/install/final_package/lib/python3.10/site-packages/final_package-0.0.0-py3.10.egg-info/PKG-INFO
/home/nicolai/ros2_ws/src/final_package/install/final_package/lib/final_package/ur5e_controller
