running egg_info
writing build/final_package/final_package.egg-info/PKG-INFO
writing dependency_links to build/final_package/final_package.egg-info/dependency_links.txt
writing entry points to build/final_package/final_package.egg-info/entry_points.txt
writing requirements to build/final_package/final_package.egg-info/requires.txt
writing top-level names to build/final_package/final_package.egg-info/top_level.txt
reading manifest file 'build/final_package/final_package.egg-info/SOURCES.txt'
adding license file 'LICENSE'
writing manifest file 'build/final_package/final_package.egg-info/SOURCES.txt'
running build
running build_py
copying final_package/ur5e_controller.py -> /home/nicolai/ros2_ws/src/final_package/build/final_package/build/lib/final_package
running install
running install_lib
copying /home/nicolai/ros2_ws/src/final_package/build/final_package/build/lib/final_package/ur5e_controller.py -> /home/nicolai/ros2_ws/src/final_package/install/final_package/lib/python3.10/site-packages/final_package
byte-compiling /home/nicolai/ros2_ws/src/final_package/install/final_package/lib/python3.10/site-packages/final_package/ur5e_controller.py to ur5e_controller.cpython-310.pyc
running install_data
running install_egg_info
removing '/home/nicolai/ros2_ws/src/final_package/install/final_package/lib/python3.10/site-packages/final_package-0.0.0-py3.10.egg-info' (and everything under it)
Copying build/final_package/final_package.egg-info to /home/nicolai/ros2_ws/src/final_package/install/final_package/lib/python3.10/site-packages/final_package-0.0.0-py3.10.egg-info
running install_scripts
Installing ur5e_controller script to /home/nicolai/ros2_ws/src/final_package/install/final_package/lib/final_package
writing list of installed files to '/home/nicolai/ros2_ws/src/final_package/build/final_package/install.log'
