[0.526s] Invoking command in '/home/nicolai/ros2_ws/src/final_package': PYTHONPATH=/home/nicolai/ros2_ws/src/final_package/build/final_package/prefix_override:/home/nicolai/ros2_ws/src/final_package/install/final_package/lib/python3.10/site-packages:${PYTHONPATH} /usr/bin/python3 -W ignore:setup.py install is deprecated setup.py egg_info --egg-base build/final_package build --build-base /home/nicolai/ros2_ws/src/final_package/build/final_package/build install --record /home/nicolai/ros2_ws/src/final_package/build/final_package/install.log --single-version-externally-managed install_data
[0.698s] running egg_info
[0.698s] writing build/final_package/final_package.egg-info/PKG-INFO
[0.698s] writing dependency_links to build/final_package/final_package.egg-info/dependency_links.txt
[0.699s] writing entry points to build/final_package/final_package.egg-info/entry_points.txt
[0.699s] writing requirements to build/final_package/final_package.egg-info/requires.txt
[0.699s] writing top-level names to build/final_package/final_package.egg-info/top_level.txt
[0.701s] reading manifest file 'build/final_package/final_package.egg-info/SOURCES.txt'
[0.701s] adding license file 'LICENSE'
[0.702s] writing manifest file 'build/final_package/final_package.egg-info/SOURCES.txt'
[0.702s] running build
[0.702s] running build_py
[0.703s] copying final_package/ur5e_controller.py -> /home/nicolai/ros2_ws/src/final_package/build/final_package/build/lib/final_package
[0.703s] running install
[0.703s] running install_lib
[0.704s] copying /home/nicolai/ros2_ws/src/final_package/build/final_package/build/lib/final_package/ur5e_controller.py -> /home/nicolai/ros2_ws/src/final_package/install/final_package/lib/python3.10/site-packages/final_package
[0.704s] byte-compiling /home/nicolai/ros2_ws/src/final_package/install/final_package/lib/python3.10/site-packages/final_package/ur5e_controller.py to ur5e_controller.cpython-310.pyc
[0.705s] running install_data
[0.706s] running install_egg_info
[0.708s] removing '/home/nicolai/ros2_ws/src/final_package/install/final_package/lib/python3.10/site-packages/final_package-0.0.0-py3.10.egg-info' (and everything under it)
[0.709s] Copying build/final_package/final_package.egg-info to /home/nicolai/ros2_ws/src/final_package/install/final_package/lib/python3.10/site-packages/final_package-0.0.0-py3.10.egg-info
[0.710s] running install_scripts
[0.728s] Installing ur5e_controller script to /home/nicolai/ros2_ws/src/final_package/install/final_package/lib/final_package
[0.728s] writing list of installed files to '/home/nicolai/ros2_ws/src/final_package/build/final_package/install.log'
[0.752s] Invoked command in '/home/nicolai/ros2_ws/src/final_package' returned '0': PYTHONPATH=/home/nicolai/ros2_ws/src/final_package/build/final_package/prefix_override:/home/nicolai/ros2_ws/src/final_package/install/final_package/lib/python3.10/site-packages:${PYTHONPATH} /usr/bin/python3 -W ignore:setup.py install is deprecated setup.py egg_info --egg-base build/final_package build --build-base /home/nicolai/ros2_ws/src/final_package/build/final_package/build install --record /home/nicolai/ros2_ws/src/final_package/build/final_package/install.log --single-version-externally-managed install_data
