[0.734s] DEBUG:colcon:Command line arguments: ['/usr/bin/colcon', 'build']
[0.734s] DEBUG:colcon:Parsed command line arguments: Namespace(log_base=None, log_level=None, verb_name='build', build_base='build', install_base='install', merge_install=False, symlink_install=False, test_result_base=None, continue_on_error=False, executor='parallel', parallel_workers=16, event_handlers=None, ignore_user_meta=False, metas=['./colcon.meta'], base_paths=['.'], packages_ignore=None, packages_ignore_regex=None, paths=None, packages_up_to=None, packages_up_to_regex=None, packages_above=None, packages_above_and_dependencies=None, packages_above_depth=None, packages_select_by_dep=None, packages_skip_by_dep=None, packages_skip_up_to=None, packages_select_build_failed=False, packages_skip_build_finished=False, packages_select_test_failures=False, packages_skip_test_passed=False, packages_select=None, packages_skip=None, packages_select_regex=None, packages_skip_regex=None, packages_start=None, packages_end=None, allow_overriding=[], cmake_args=None, cmake_target=None, cmake_target_skip_unavailable=False, cmake_clean_cache=False, cmake_clean_first=False, cmake_force_configure=False, ament_cmake_args=None, catkin_cmake_args=None, catkin_skip_building_tests=False, mixin_files=None, mixin=None, verb_parser=<colcon_mixin.mixin.mixin_argument.MixinArgumentDecorator object at 0x7f14478d29b0>, verb_extension=<colcon_core.verb.build.BuildVerb object at 0x7f14479d7040>, main=<bound method BuildVerb.main of <colcon_core.verb.build.BuildVerb object at 0x7f14479d7040>>, mixin_verb=('build',))
[1.062s] Level 1:colcon.colcon_core.package_discovery:discover_packages(colcon_meta) check parameters
[1.062s] Level 1:colcon.colcon_core.package_discovery:discover_packages(recursive) check parameters
[1.062s] Level 1:colcon.colcon_core.package_discovery:discover_packages(ignore) check parameters
[1.062s] Level 1:colcon.colcon_core.package_discovery:discover_packages(path) check parameters
[1.062s] Level 1:colcon.colcon_core.package_discovery:discover_packages(colcon_meta) discover
[1.062s] Level 1:colcon.colcon_core.package_discovery:discover_packages(recursive) discover
[1.062s] INFO:colcon.colcon_core.package_discovery:Crawling recursively for packages in '/home/nicolai/ros2_ws/src/final_package'
[1.062s] Level 1:colcon.colcon_core.package_identification:_identify(.) by extensions ['ignore', 'ignore_ament_install']
[1.062s] Level 1:colcon.colcon_core.package_identification:_identify(.) by extension 'ignore'
[1.062s] Level 1:colcon.colcon_core.package_identification:_identify(.) by extension 'ignore_ament_install'
[1.062s] Level 1:colcon.colcon_core.package_identification:_identify(.) by extensions ['colcon_pkg']
[1.062s] Level 1:colcon.colcon_core.package_identification:_identify(.) by extension 'colcon_pkg'
[1.062s] Level 1:colcon.colcon_core.package_identification:_identify(.) by extensions ['colcon_meta']
[1.062s] Level 1:colcon.colcon_core.package_identification:_identify(.) by extension 'colcon_meta'
[1.062s] Level 1:colcon.colcon_core.package_identification:_identify(.) by extensions ['ros']
[1.062s] Level 1:colcon.colcon_core.package_identification:_identify(.) by extension 'ros'
[1.079s] DEBUG:colcon.colcon_core.package_identification:Package '.' with type 'ros.ament_python' and name 'final_package'
[1.079s] Level 1:colcon.colcon_core.package_discovery:discover_packages(recursive) using defaults
[1.079s] Level 1:colcon.colcon_core.package_discovery:discover_packages(ignore) discover
[1.079s] Level 1:colcon.colcon_core.package_discovery:discover_packages(ignore) using defaults
[1.079s] Level 1:colcon.colcon_core.package_discovery:discover_packages(path) discover
[1.079s] Level 1:colcon.colcon_core.package_discovery:discover_packages(path) using defaults
[1.120s] Level 1:colcon.colcon_core.package_discovery:discover_packages(prefix_path) check parameters
[1.120s] Level 1:colcon.colcon_core.package_discovery:discover_packages(prefix_path) discover
[1.125s] DEBUG:colcon.colcon_installed_package_information.package_discovery:Found 374 installed packages in /opt/ros/humble
[1.126s] Level 1:colcon.colcon_core.package_discovery:discover_packages(prefix_path) using defaults
[1.178s] Level 5:colcon.colcon_core.verb:set package 'final_package' build argument 'cmake_args' from command line to 'None'
[1.178s] Level 5:colcon.colcon_core.verb:set package 'final_package' build argument 'cmake_target' from command line to 'None'
[1.178s] Level 5:colcon.colcon_core.verb:set package 'final_package' build argument 'cmake_target_skip_unavailable' from command line to 'False'
[1.179s] Level 5:colcon.colcon_core.verb:set package 'final_package' build argument 'cmake_clean_cache' from command line to 'False'
[1.179s] Level 5:colcon.colcon_core.verb:set package 'final_package' build argument 'cmake_clean_first' from command line to 'False'
[1.179s] Level 5:colcon.colcon_core.verb:set package 'final_package' build argument 'cmake_force_configure' from command line to 'False'
[1.179s] Level 5:colcon.colcon_core.verb:set package 'final_package' build argument 'ament_cmake_args' from command line to 'None'
[1.179s] Level 5:colcon.colcon_core.verb:set package 'final_package' build argument 'catkin_cmake_args' from command line to 'None'
[1.179s] Level 5:colcon.colcon_core.verb:set package 'final_package' build argument 'catkin_skip_building_tests' from command line to 'False'
[1.179s] DEBUG:colcon.colcon_core.verb:Building package 'final_package' with the following arguments: {'ament_cmake_args': None, 'build_base': '/home/nicolai/ros2_ws/src/final_package/build/final_package', 'catkin_cmake_args': None, 'catkin_skip_building_tests': False, 'cmake_args': None, 'cmake_clean_cache': False, 'cmake_clean_first': False, 'cmake_force_configure': False, 'cmake_target': None, 'cmake_target_skip_unavailable': False, 'install_base': '/home/nicolai/ros2_ws/src/final_package/install/final_package', 'merge_install': False, 'path': '/home/nicolai/ros2_ws/src/final_package', 'symlink_install': False, 'test_result_base': None}
[1.179s] INFO:colcon.colcon_core.executor:Executing jobs using 'parallel' executor
[1.180s] DEBUG:colcon.colcon_parallel_executor.executor.parallel:run_until_complete
[1.181s] INFO:colcon.colcon_ros.task.ament_python.build:Building ROS package in '/home/nicolai/ros2_ws/src/final_package' with build type 'ament_python'
[1.181s] Level 1:colcon.colcon_core.shell:create_environment_hook('final_package', 'ament_prefix_path')
[1.189s] INFO:colcon.colcon_core.plugin_system:Skipping extension 'colcon_core.shell.bat': Not used on non-Windows systems
[1.189s] INFO:colcon.colcon_core.shell:Creating environment hook '/home/nicolai/ros2_ws/src/final_package/install/final_package/share/final_package/hook/ament_prefix_path.ps1'
[1.191s] INFO:colcon.colcon_core.shell:Creating environment descriptor '/home/nicolai/ros2_ws/src/final_package/install/final_package/share/final_package/hook/ament_prefix_path.dsv'
[1.192s] INFO:colcon.colcon_core.shell:Creating environment hook '/home/nicolai/ros2_ws/src/final_package/install/final_package/share/final_package/hook/ament_prefix_path.sh'
[1.193s] INFO:colcon.colcon_core.shell:Skip shell extension 'powershell' for command environment: Not usable outside of PowerShell
[1.193s] DEBUG:colcon.colcon_core.shell:Skip shell extension 'dsv' for command environment
[1.411s] INFO:colcon.colcon_core.task.python.build:Building Python package in '/home/nicolai/ros2_ws/src/final_package'
[1.412s] INFO:colcon.colcon_core.shell:Skip shell extension 'powershell' for command environment: Not usable outside of PowerShell
[1.412s] DEBUG:colcon.colcon_core.shell:Skip shell extension 'dsv' for command environment
[1.930s] DEBUG:colcon.colcon_core.event_handler.log_command:Invoking command in '/home/nicolai/ros2_ws/src/final_package': PYTHONPATH=/home/nicolai/ros2_ws/src/final_package/build/final_package/prefix_override:/home/nicolai/ros2_ws/src/final_package/install/final_package/lib/python3.10/site-packages:${PYTHONPATH} /usr/bin/python3 -W ignore:setup.py install is deprecated setup.py egg_info --egg-base build/final_package build --build-base /home/nicolai/ros2_ws/src/final_package/build/final_package/build install --record /home/nicolai/ros2_ws/src/final_package/build/final_package/install.log --single-version-externally-managed install_data
[2.159s] DEBUG:colcon.colcon_core.event_handler.log_command:Invoked command in '/home/nicolai/ros2_ws/src/final_package' returned '0': PYTHONPATH=/home/nicolai/ros2_ws/src/final_package/build/final_package/prefix_override:/home/nicolai/ros2_ws/src/final_package/install/final_package/lib/python3.10/site-packages:${PYTHONPATH} /usr/bin/python3 -W ignore:setup.py install is deprecated setup.py egg_info --egg-base build/final_package build --build-base /home/nicolai/ros2_ws/src/final_package/build/final_package/build install --record /home/nicolai/ros2_ws/src/final_package/build/final_package/install.log --single-version-externally-managed install_data
[2.165s] Level 1:colcon.colcon_core.environment:checking '/home/nicolai/ros2_ws/src/final_package/install/final_package' for CMake module files
[2.165s] Level 1:colcon.colcon_core.environment:checking '/home/nicolai/ros2_ws/src/final_package/install/final_package' for CMake config files
[2.166s] Level 1:colcon.colcon_core.environment:checking '/home/nicolai/ros2_ws/src/final_package/install/final_package/lib'
[2.166s] Level 1:colcon.colcon_core.environment:checking '/home/nicolai/ros2_ws/src/final_package/install/final_package/bin'
[2.166s] Level 1:colcon.colcon_core.environment:checking '/home/nicolai/ros2_ws/src/final_package/install/final_package/lib/pkgconfig/final_package.pc'
[2.166s] Level 1:colcon.colcon_core.environment:checking '/home/nicolai/ros2_ws/src/final_package/install/final_package/lib/python3.10/site-packages'
[2.166s] Level 1:colcon.colcon_core.shell:create_environment_hook('final_package', 'pythonpath')
[2.166s] INFO:colcon.colcon_core.shell:Creating environment hook '/home/nicolai/ros2_ws/src/final_package/install/final_package/share/final_package/hook/pythonpath.ps1'
[2.167s] INFO:colcon.colcon_core.shell:Creating environment descriptor '/home/nicolai/ros2_ws/src/final_package/install/final_package/share/final_package/hook/pythonpath.dsv'
[2.167s] INFO:colcon.colcon_core.shell:Creating environment hook '/home/nicolai/ros2_ws/src/final_package/install/final_package/share/final_package/hook/pythonpath.sh'
[2.167s] Level 1:colcon.colcon_core.environment:checking '/home/nicolai/ros2_ws/src/final_package/install/final_package/bin'
[2.167s] Level 1:colcon.colcon_core.environment:create_environment_scripts_only(final_package)
[2.167s] INFO:colcon.colcon_core.shell:Creating package script '/home/nicolai/ros2_ws/src/final_package/install/final_package/share/final_package/package.ps1'
[2.168s] INFO:colcon.colcon_core.shell:Creating package descriptor '/home/nicolai/ros2_ws/src/final_package/install/final_package/share/final_package/package.dsv'
[2.169s] INFO:colcon.colcon_core.shell:Creating package script '/home/nicolai/ros2_ws/src/final_package/install/final_package/share/final_package/package.sh'
[2.169s] INFO:colcon.colcon_core.shell:Creating package script '/home/nicolai/ros2_ws/src/final_package/install/final_package/share/final_package/package.bash'
[2.170s] INFO:colcon.colcon_core.shell:Creating package script '/home/nicolai/ros2_ws/src/final_package/install/final_package/share/final_package/package.zsh'
[2.171s] Level 1:colcon.colcon_core.environment:create_file_with_runtime_dependencies(/home/nicolai/ros2_ws/src/final_package/install/final_package/share/colcon-core/packages/final_package)
[2.172s] DEBUG:colcon.colcon_parallel_executor.executor.parallel:closing loop
[2.172s] DEBUG:colcon.colcon_parallel_executor.executor.parallel:loop closed
[2.172s] DEBUG:colcon.colcon_parallel_executor.executor.parallel:run_until_complete finished with '0'
[2.172s] DEBUG:colcon.colcon_core.event_reactor:joining thread
[2.265s] INFO:colcon.colcon_core.plugin_system:Skipping extension 'colcon_notification.desktop_notification.notify_send': Could not find 'notify-send'
[2.265s] INFO:colcon.colcon_core.plugin_system:Skipping extension 'colcon_notification.desktop_notification.terminal_notifier': Not used on non-Darwin systems
[2.265s] INFO:colcon.colcon_core.plugin_system:Skipping extension 'colcon_notification.desktop_notification.win32': Not used on non-Windows systems
[2.265s] INFO:colcon.colcon_notification.desktop_notification:Sending desktop notification using 'notify2'
[2.266s] DEBUG:colcon.colcon_notification.desktop_notification.notify2:Failed to initialize notify2: org.freedesktop.DBus.Error.FileNotFound: Failed to connect to socket /run/user/1000/bus: No such file or directory
[2.266s] DEBUG:colcon.colcon_core.event_reactor:joined thread
[2.266s] INFO:colcon.colcon_core.shell:Creating prefix script '/home/nicolai/ros2_ws/src/final_package/install/local_setup.ps1'
[2.268s] INFO:colcon.colcon_core.shell:Creating prefix util module '/home/nicolai/ros2_ws/src/final_package/install/_local_setup_util_ps1.py'
[2.270s] INFO:colcon.colcon_core.shell:Creating prefix chain script '/home/nicolai/ros2_ws/src/final_package/install/setup.ps1'
[2.271s] INFO:colcon.colcon_core.shell:Creating prefix script '/home/nicolai/ros2_ws/src/final_package/install/local_setup.sh'
[2.271s] INFO:colcon.colcon_core.shell:Creating prefix util module '/home/nicolai/ros2_ws/src/final_package/install/_local_setup_util_sh.py'
[2.272s] INFO:colcon.colcon_core.shell:Creating prefix chain script '/home/nicolai/ros2_ws/src/final_package/install/setup.sh'
[2.272s] INFO:colcon.colcon_core.shell:Creating prefix script '/home/nicolai/ros2_ws/src/final_package/install/local_setup.bash'
[2.273s] INFO:colcon.colcon_core.shell:Creating prefix chain script '/home/nicolai/ros2_ws/src/final_package/install/setup.bash'
[2.276s] INFO:colcon.colcon_core.shell:Creating prefix script '/home/nicolai/ros2_ws/src/final_package/install/local_setup.zsh'
[2.280s] INFO:colcon.colcon_core.shell:Creating prefix chain script '/home/nicolai/ros2_ws/src/final_package/install/setup.zsh'
